<?xml version="1.0" encoding="UTF-8"?>
<testsuite name="Automation Practice commerce" tests="3" skipped="0" failures="0" errors="0" timestamp="2022-03-31T23:47:10" hostname="LAPTOP-3N6KT0O7" time="61.054">
  <properties/>
  <testcase name="User selects a product" classname="Automation Practice commerce" time="17.395"/>
  <testcase name="User adds product to shopping cart" classname="Automation Practice commerce" time="19.019"/>
  <testcase name="User adds product to shopping cart and goes to checkout" classname="Automation Practice commerce" time="24.634"/>
  <system-out><![CDATA[]]></system-out>
  <system-err><![CDATA[mar. 31, 2022 6:47:11 P. M. org.openqa.selenium.remote.DesiredCapabilities chrome
INFO: Using `new ChromeOptions()` is preferred to `DesiredCapabilities.chrome()`
Starting ChromeDriver 99.0.4844.51 (d537ec02474b5afe23684e7963d538896c63ac77-refs/branch-heads/4844@{#875}) on port 3106
Only local connections are allowed.
Please see https://chromedriver.chromium.org/security-considerations for suggestions on keeping ChromeDriver safe.
ChromeDriver was started successfully.
[1648770434.443][WARNING]: This version of ChromeDriver has not been tested with Chrome version 100.
mar. 31, 2022 6:47:14 P. M. org.openqa.selenium.remote.ProtocolHandshake createSession
INFO: Detected dialect: W3C
mar. 31, 2022 6:47:28 P. M. org.openqa.selenium.remote.DesiredCapabilities chrome
INFO: Using `new ChromeOptions()` is preferred to `DesiredCapabilities.chrome()`
Starting ChromeDriver 99.0.4844.51 (d537ec02474b5afe23684e7963d538896c63ac77-refs/branch-heads/4844@{#875}) on port 41486
Only local connections are allowed.
Please see https://chromedriver.chromium.org/security-considerations for suggestions on keeping ChromeDriver safe.
ChromeDriver was started successfully.
[1648770449.847][WARNING]: This version of ChromeDriver has not been tested with Chrome version 100.
mar. 31, 2022 6:47:30 P. M. org.openqa.selenium.remote.ProtocolHandshake createSession
INFO: Detected dialect: W3C
mar. 31, 2022 6:47:47 P. M. org.openqa.selenium.remote.DesiredCapabilities chrome
INFO: Using `new ChromeOptions()` is preferred to `DesiredCapabilities.chrome()`
Starting ChromeDriver 99.0.4844.51 (d537ec02474b5afe23684e7963d538896c63ac77-refs/branch-heads/4844@{#875}) on port 19196
Only local connections are allowed.
Please see https://chromedriver.chromium.org/security-considerations for suggestions on keeping ChromeDriver safe.
ChromeDriver was started successfully.
[1648770468.699][WARNING]: This version of ChromeDriver has not been tested with Chrome version 100.
mar. 31, 2022 6:47:49 P. M. org.openqa.selenium.remote.ProtocolHandshake createSession
INFO: Detected dialect: W3C
]]></system-err>
</testsuite>
