<?xml version="1.0" encoding="UTF-8"?>
<testsuite name="Automation Practice commerce" tests="3" skipped="0" failures="0" errors="0" timestamp="2022-03-31T17:31:57" hostname="LAPTOP-3N6KT0O7" time="77.898">
  <properties/>
  <testcase name="User selects a product" classname="Automation Practice commerce" time="18.827"/>
  <testcase name="User adds product to shopping cart" classname="Automation Practice commerce" time="36.805"/>
  <testcase name="User adds product to shopping cart and goes to checkout" classname="Automation Practice commerce" time="22.253"/>
  <system-out><![CDATA[]]></system-out>
  <system-err><![CDATA[mar. 31, 2022 12:31:58 P. M. org.openqa.selenium.remote.DesiredCapabilities chrome
INFO: Using `new ChromeOptions()` is preferred to `DesiredCapabilities.chrome()`
Starting ChromeDriver 99.0.4844.51 (d537ec02474b5afe23684e7963d538896c63ac77-refs/branch-heads/4844@{#875}) on port 23456
Only local connections are allowed.
Please see https://chromedriver.chromium.org/security-considerations for suggestions on keeping ChromeDriver safe.
ChromeDriver was started successfully.
[1648747921.017][WARNING]: This version of ChromeDriver has not been tested with Chrome version 100.
mar. 31, 2022 12:32:01 P. M. org.openqa.selenium.remote.ProtocolHandshake createSession
INFO: Detected dialect: W3C
mar. 31, 2022 12:32:16 P. M. org.openqa.selenium.remote.DesiredCapabilities chrome
INFO: Using `new ChromeOptions()` is preferred to `DesiredCapabilities.chrome()`
Starting ChromeDriver 99.0.4844.51 (d537ec02474b5afe23684e7963d538896c63ac77-refs/branch-heads/4844@{#875}) on port 30532
Only local connections are allowed.
Please see https://chromedriver.chromium.org/security-considerations for suggestions on keeping ChromeDriver safe.
ChromeDriver was started successfully.
[1648747938.430][WARNING]: This version of ChromeDriver has not been tested with Chrome version 100.
mar. 31, 2022 12:32:18 P. M. org.openqa.selenium.remote.ProtocolHandshake createSession
INFO: Detected dialect: W3C
mar. 31, 2022 12:32:53 P. M. org.openqa.selenium.remote.DesiredCapabilities chrome
INFO: Using `new ChromeOptions()` is preferred to `DesiredCapabilities.chrome()`
Starting ChromeDriver 99.0.4844.51 (d537ec02474b5afe23684e7963d538896c63ac77-refs/branch-heads/4844@{#875}) on port 17696
Only local connections are allowed.
Please see https://chromedriver.chromium.org/security-considerations for suggestions on keeping ChromeDriver safe.
ChromeDriver was started successfully.
[1648747974.967][WARNING]: This version of ChromeDriver has not been tested with Chrome version 100.
mar. 31, 2022 12:32:55 P. M. org.openqa.selenium.remote.ProtocolHandshake createSession
INFO: Detected dialect: W3C
]]></system-err>
</testsuite>
